warning: value assigned to `cause` is never read
   --> apps/server/src/main.rs:566:21
    |
566 |             let mut cause = String::new();
    |                     ^^^^^
    |
    = help: maybe it is overwritten before being read?
    = note: `#[warn(unused_assignments)]` (part of `#[warn(unused)]`) on by default

warning: variable does not need to be mutable
   --> apps/server/src/main.rs:558:9
    |
558 |     let mut body: Vec<u8> = match custom {
    |         ----^^^^
    |         |
    |         help: remove this `mut`
    |
    = note: `#[warn(unused_mut)]` (part of `#[warn(unused)]`) on by default

warning: `relay-server` (bin "relay-server") generated 2 warnings (run `cargo fix --bin "relay-server"` to apply 1 suggestion)
    Finished `dev` profile [unoptimized + debuginfo] target(s) in 0.13s
     Running `target/debug/relay-server`
[2m2025-11-22T15:22:23.813827Z[0m [31mERROR[0m [2mrelay_server[0m[2m:[0m pre-receive hook rejected commit [3mstderr[0m[2m=[0mrelay-hooks: rules.yaml not found in repo at new commit
 [3mstatus[0m[2m=[0mExitStatus(unix_wait_status(256))
[2m2025-11-22T15:22:23.814081Z[0m [31mERROR[0m [2mrelay_server[0m[2m:[0m write error [3me[0m[2m=[0mcommit rejected by hooks: relay-hooks: rules.yaml not found in repo at new commit
[2m2025-11-22T15:22:36.447026Z[0m [31mERROR[0m [2mrelay_server[0m[2m:[0m pre-receive hook rejected commit [3mstderr[0m[2m=[0mrelay-hooks: rules.yaml failed schema validation:
[] has less than 1 item at /db/schema
"allowedPaths" is a required property at 
"insertTemplate" is a required property at 
 [3mstatus[0m[2m=[0mExitStatus(unix_wait_status(256))
[2m2025-11-22T15:22:36.447141Z[0m [31mERROR[0m [2mrelay_server[0m[2m:[0m write error [3me[0m[2m=[0mcommit rejected by hooks: relay-hooks: rules.yaml failed schema validation:
[] has less than 1 item at /db/schema
"allowedPaths" is a required property at 
"insertTemplate" is a required property at
